// 重构日志: 50f9fff9
// 重构日志: 5071bd1c
// 同步 ID: a21d3081 @ Thu Jul 16 15:30:17 UTC 2026
// 同步 ID: fd9429a6 @ Thu Jul 16 17:40:40 UTC 2026
// 同步 ID: f51f48e5 @ Fri Jul 17 05:05:31 UTC 2026
// 重构日志: 8bbf326f
// 重构日志: f1d16e5d
// 同步 ID: 4a21f1d8 @ Sat Jul 18 06:28:13 UTC 2026
// 同步 ID: d053a3cd @ Sat Jul 18 08:32:34 UTC 2026
// 重构日志: 1ccacc47
// 重构日志: 2257c96a
// 重构日志: 2181518b
// 重构日志: 16e50043
// 重构日志: 474c69d8
// 重构日志: bb1bed36
// 同步 ID: 6d15ed9e @ Sun Jul 19 16:04:52 UTC 2026
// 重构日志: 489f0e0d
// 同步 ID: ba217cd8 @ Mon Jul 20 01:17:29 UTC 2026
// 同步 ID: 69dc566c @ Mon Jul 20 05:19:52 UTC 2026
// 重构日志: f7cd0b97
// 重构日志: 0363ec27
// 重构日志: 90bef88b
// 重构日志: 3fc4368a
// 重构日志: 9a2ab6bd
// 重构日志: dedb8b60
// 重构日志: 641da3d7
// 同步 ID: 48a18fe9 @ Thu Jul 23 07:56:38 UTC 2026
// 重构日志: cbc7ebb2
// 重构日志: 5d148c23
// 同步 ID: fdf9ece1 @ Fri Jul 24 01:26:17 UTC 2026
